Fri 23 Sep 2022 11:34:41 AM UTC: 
 treemap.c | 5 ++++-
 1 file changed, 4 insertions(+), 1 deletion(-)
In file included from test.c:4:
treemap.c: In function ‘createTreeMap’:
treemap.c:40:17: error: invalid initializer
   40 |     TreeMap t = (TreeMap*)malloc(sizeof(TreeMap));
      |                 ^
treemap.c:41:6: error: invalid type argument of ‘->’ (have ‘TreeMap’)
   41 |     t->root = NULL;
      |      ^~
treemap.c:42:6: error: invalid type argument of ‘->’ (have ‘TreeMap’)
   42 |     t->current = NULL;
      |      ^~
treemap.c:43:6: error: invalid type argument of ‘->’ (have ‘TreeMap’)
   43 |     t->lower_than = lower_than;
      |      ^~
Compilation failed
4a9645b
Fri 23 Sep 2022 11:35:05 AM UTC: 
 treemap.c | 2 +-
 1 file changed, 1 insertion(+), 1 deletion(-)
 tests:  1|8
total_score: 0/70
923b152
Fri 23 Sep 2022 11:35:17 AM UTC: 
 treemap.c | 2 +-
 1 file changed, 1 insertion(+), 1 deletion(-)
 tests:  4|7
total_score: 5/70
76a4268
Fri 23 Sep 2022 11:43:53 AM UTC: 
 treemap.c | 20 ++++++++++++++++++++
 1 file changed, 20 insertions(+)
In file included from test.c:4:
treemap.c: In function ‘searchTreeMap’:
treemap.c:81:10: error: implicit declaration of function ‘lower_than’ [-Werror=implicit-function-declaration]
   81 |       if(lower_than(key,p->key)){
      |          ^~~~~~~~~~
treemap.c:82:11: error: assignment to ‘Pair *’ from incompatible pointer type ‘TreeNode *’ [-Werror=incompatible-pointer-types]
   82 |         p = tree->root->right;
      |           ^
treemap.c:85:11: error: assignment to ‘Pair *’ from incompatible pointer type ‘TreeNode *’ [-Werror=incompatible-pointer-types]
   85 |         p = tree->root->left;
      |           ^
treemap.c:87:10: error: too few arguments to function ‘is_equal’
   87 |       if(is_equal(p->key,key)){
      |          ^~~~~~~~
In file included from test.c:4:
treemap.c:22:5: note: declared here
   22 | int is_equal(TreeMap* tree, void* key1, void* key2){
      |     ^~~~~~~~
In file included from test.c:4:
treemap.c:88:23: error: assignment to ‘TreeNode *’ from incompatible pointer type ‘Pair *’ [-Werror=incompatible-pointer-types]
   88 |         tree->current = p;
      |                       ^
cc1: all warnings being treated as errors
Compilation failed
9ead390
Fri 23 Sep 2022 11:46:45 AM UTC: 
 treemap.c | 17 +++++++++--------
 1 file changed, 9 insertions(+), 8 deletions(-)
In file included from test.c:4:
treemap.c: In function ‘searchTreeMap’:
treemap.c:82:10: error: implicit declaration of function ‘lower_than’ [-Werror=implicit-function-declaration]
   82 |       if(lower_than(key,new->pair->key)){
      |          ^~~~~~~~~~
treemap.c:88:25: error: ‘p’ undeclared (first use in this function)
   88 |       if(is_equal(tree, p->key, key)){
      |                         ^
treemap.c:88:25: note: each undeclared identifier is reported only once for each function it appears in
cc1: all warnings being treated as errors
Compilation failed
dcbaab7
Fri 23 Sep 2022 11:47:02 AM UTC: 
 treemap.c | 2 +-
 1 file changed, 1 insertion(+), 1 deletion(-)
In file included from test.c:4:
treemap.c: In function ‘searchTreeMap’:
treemap.c:82:10: error: implicit declaration of function ‘lower_than’ [-Werror=implicit-function-declaration]
   82 |       if(lower_than(key,new->pair->key)){
      |          ^~~~~~~~~~
cc1: all warnings being treated as errors
Compilation failed
31d814d
Fri 23 Sep 2022 11:55:23 AM UTC: 
 treemap.c | 16 ++++++++++------
 1 file changed, 10 insertions(+), 6 deletions(-)
In file included from test.c:4:
treemap.c: In function ‘searchTreeMap’:
treemap.c:97:13: error: ‘TreeNode’ has no member named ‘current’
   97 |       if(new->current->left == NULL && new->current->right == NULL){
      |             ^~
treemap.c:97:43: error: ‘TreeNode’ has no member named ‘current’
   97 |       if(new->current->left == NULL && new->current->right == NULL){
      |                                           ^~
Compilation failed
c331139
Fri 23 Sep 2022 11:55:40 AM UTC: 
 treemap.c | 2 +-
 1 file changed, 1 insertion(+), 1 deletion(-)
 tests:  0|0
1f00eeb
Fri 23 Sep 2022 11:59:24 AM UTC: 
 treemap.c | 6 ++++++
 1 file changed, 6 insertions(+)
 tests:  6|7
total_score: 5/70
abb2c01
Fri 23 Sep 2022 12:02:00 PM UTC: 
 treemap.c | 15 +++++++++------
 1 file changed, 9 insertions(+), 6 deletions(-)
 tests:  6|7
total_score: 5/70
734d56e
Fri 23 Sep 2022 12:03:24 PM UTC: 
 treemap.c | 10 +++++-----
 1 file changed, 5 insertions(+), 5 deletions(-)
 tests:  11|6
total_score: 15/70
52d600b
Fri 23 Sep 2022 12:16:02 PM UTC: 
 treemap.c | 31 +++++++++++++++++++++++++++++++
 1 file changed, 31 insertions(+)
 tests:  11|6
total_score: 15/70
483b50b
Fri 23 Sep 2022 12:16:58 PM UTC: 
 treemap.c | 2 ++
 1 file changed, 2 insertions(+)
 tests:  11|6
total_score: 15/70
c4efff9
Fri 23 Sep 2022 12:20:16 PM UTC: 
 treemap.c | 2 +-
 1 file changed, 1 insertion(+), 1 deletion(-)
 tests:  11|6
total_score: 15/70
f3407c2
Fri 23 Sep 2022 12:22:04 PM UTC: 
 treemap.c | 4 ++--
 1 file changed, 2 insertions(+), 2 deletions(-)
 tests:  11|6
total_score: 15/70
027394e
Fri 23 Sep 2022 12:23:27 PM UTC: 
 treemap.c | 4 ++--
 1 file changed, 2 insertions(+), 2 deletions(-)
 tests:  11|6
total_score: 15/70
a40cfa7
Fri 23 Sep 2022 04:53:28 PM UTC: 
 treemap.c | 7 +++----
 1 file changed, 3 insertions(+), 4 deletions(-)
In file included from test.c:4:
treemap.c: In function ‘insertTreeMap’:
treemap.c:70:24: error: expected ‘;’ before ‘}’ token
   70 |         aux = aux->left
      |                        ^
      |                        ;
   71 |         }
      |         ~               
Compilation failed
51de9ee
Fri 23 Sep 2022 04:54:00 PM UTC: 
 treemap.c | 3 ++-
 1 file changed, 2 insertions(+), 1 deletion(-)
 tests:  11|6
total_score: 15/70
a7cb4d7
Fri 23 Sep 2022 04:54:48 PM UTC: 
 treemap.c | 4 +++-
 1 file changed, 3 insertions(+), 1 deletion(-)
In file included from test.c:4:
treemap.c: In function ‘insertTreeMap’:
treemap.c:81:25: error: ‘new’ undeclared (first use in this function)
   81 |       if(is_equal(tree, new->pair->key, key)){
      |                         ^~~
treemap.c:81:25: note: each undeclared identifier is reported only once for each function it appears in
Compilation failed
fde9a2f
Fri 23 Sep 2022 04:55:01 PM UTC: 
 treemap.c | 2 +-
 1 file changed, 1 insertion(+), 1 deletion(-)
 tests:  13|5
total_score: 25/70
4da8045
Fri 23 Sep 2022 04:57:57 PM UTC: 
 treemap.c | 14 +++++++++++++-
 1 file changed, 13 insertions(+), 1 deletion(-)
In file included from test.c:4:
treemap.c: In function ‘minimum’:
treemap.c:93:7: error: ‘return’ with no value, in function returning non-void [-Werror=return-type]
   93 |       return;
      |       ^~~~~~
treemap.c:91:12: note: declared here
   91 | TreeNode * minimum(TreeNode * x){
      |            ^~~~~~~
cc1: all warnings being treated as errors
Compilation failed
5cd43a8
Fri 23 Sep 2022 04:58:14 PM UTC: 
 treemap.c | 2 +-
 1 file changed, 1 insertion(+), 1 deletion(-)
 tests:  14|5
total_score: 25/70
9c5f569
Fri 23 Sep 2022 04:59:02 PM UTC: 
 treemap.c | 2 +-
 1 file changed, 1 insertion(+), 1 deletion(-)
 tests:  15|4
total_score: 25/70
9a64f54
Fri 23 Sep 2022 06:21:06 PM UTC: 
 treemap.c | 47 ++++++++++++++++++++++++++++++++++++++++++++++-
 1 file changed, 46 insertions(+), 1 deletion(-)
In file included from test.c:4:
treemap.c: In function ‘removeNode’:
treemap.c:115:8: error: too few arguments to function ‘is_equal’
  115 |     if(is_equal(aux->right->pair->key,node->pair->key)){
      |        ^~~~~~~~
In file included from test.c:4:
treemap.c:22:5: note: declared here
   22 | int is_equal(TreeMap* tree, void* key1, void* key2){
      |     ^~~~~~~~
In file included from test.c:4:
treemap.c:119:8: error: too few arguments to function ‘is_equal’
  119 |     if(is_equal(aux->right->pair->key,node->pair->key)){
      |        ^~~~~~~~
In file included from test.c:4:
treemap.c:22:5: note: declared here
   22 | int is_equal(TreeMap* tree, void* key1, void* key2){
      |     ^~~~~~~~
In file included from test.c:4:
treemap.c:120:18: error: statement with no effect [-Werror=unused-value]
  120 |       aux->right == NULL;
      |                  ^
treemap.c:128:16: error: passing argument 1 of ‘removeNode’ from incompatible pointer type [-Werror=incompatible-pointer-types]
  128 |     removeNode(x);
      |                ^
      |                |
      |                TreeNode *
treemap.c:111:27: note: expected ‘TreeMap *’ but argument is of type ‘TreeNode *’
  111 | void removeNode(TreeMap * tree, TreeNode* node) {
      |                 ~~~~~~~~~~^~~~
treemap.c:128:5: error: too few arguments to function ‘removeNode’
  128 |     removeNode(x);
      |     ^~~~~~~~~~
treemap.c:111:6: note: declared here
  111 | void removeNode(TreeMap * tree, TreeNode* node) {
      |      ^~~~~~~~~~
treemap.c:129:24: error: ‘TreeNode’ has no member named ‘key’
  129 |     node->pair->key = x->key;
      |                        ^~
treemap.c:130:26: error: ‘TreeNode’ has no member named ‘value’
  130 |     node->pair->value = x->value;
      |                          ^~
treemap.c:134:10: error: too few arguments to function ‘is_equal’
  134 |       if(is_equal(aux->right->pair->key,node->pair->key)){
      |          ^~~~~~~~
In file included from test.c:4:
treemap.c:22:5: note: declared here
   22 | int is_equal(TreeMap* tree, void* key1, void* key2){
      |     ^~~~~~~~
In file included from test.c:4:
treemap.c:138:10: error: too few arguments to function ‘is_equal’
  138 |       if(is_equal(aux->right->pair->key,node->pair->key)){
      |          ^~~~~~~~
In file included from test.c:4:
treemap.c:22:5: note: declared here
   22 | int is_equal(TreeMap* tree, void* key1, void* key2){
      |     ^~~~~~~~
In file included from test.c:4:
treemap.c:139:20: error: statement with no effect [-Werror=unused-value]
  139 |         aux->right == node->right;
      |         ~~~~~~~~~~~^~~~~~~~~~~~~~
treemap.c:144:10: error: too few arguments to function ‘is_equal’
  144 |       if(is_equal(aux->right->pair->key,node->pair->key)){
      |          ^~~~~~~~
In file included from test.c:4:
treemap.c:22:5: note: declared here
   22 | int is_equal(TreeMap* tree, void* key1, void* key2){
      |     ^~~~~~~~
In file included from test.c:4:
treemap.c:148:10: error: too few arguments to function ‘is_equal’
  148 |       if(is_equal(aux->right->pair->key,node->pair->key)){
      |          ^~~~~~~~
In file included from test.c:4:
treemap.c:22:5: note: declared here
   22 | int is_equal(TreeMap* tree, void* key1, void* key2){
      |     ^~~~~~~~
In file included from test.c:4:
treemap.c:149:20: error: statement with no effect [-Werror=unused-value]
  149 |         aux->right == node->left;
      |         ~~~~~~~~~~~^~~~~~~~~~~~~
test.c:503:5: error: ‘main’ is normally a non-static function [-Werror=main]
  503 | int main( int argc, char *argv[] ) {
      |     ^~~~
test.c:606:1: error: expected declaration or statement at end of input
  606 | }
      | ^
At top level:
test.c:503:5: error: ‘main’ defined but not used [-Werror=unused-function]
  503 | int main( int argc, char *argv[] ) {
      |     ^~~~
cc1: all warnings being treated as errors
Compilation failed
979946f
Fri 23 Sep 2022 06:21:35 PM UTC: 
 treemap.c | 4 ++--
 1 file changed, 2 insertions(+), 2 deletions(-)
In file included from test.c:4:
treemap.c: In function ‘removeNode’:
treemap.c:120:18: error: statement with no effect [-Werror=unused-value]
  120 |       aux->right == NULL;
      |                  ^
treemap.c:128:16: error: passing argument 1 of ‘removeNode’ from incompatible pointer type [-Werror=incompatible-pointer-types]
  128 |     removeNode(x);
      |                ^
      |                |
      |                TreeNode *
treemap.c:111:27: note: expected ‘TreeMap *’ but argument is of type ‘TreeNode *’
  111 | void removeNode(TreeMap * tree, TreeNode* node) {
      |                 ~~~~~~~~~~^~~~
treemap.c:128:5: error: too few arguments to function ‘removeNode’
  128 |     removeNode(x);
      |     ^~~~~~~~~~
treemap.c:111:6: note: declared here
  111 | void removeNode(TreeMap * tree, TreeNode* node) {
      |      ^~~~~~~~~~
treemap.c:129:24: error: ‘TreeNode’ has no member named ‘key’
  129 |     node->pair->key = x->key;
      |                        ^~
treemap.c:130:26: error: ‘TreeNode’ has no member named ‘value’
  130 |     node->pair->value = x->value;
      |                          ^~
treemap.c:134:10: error: too few arguments to function ‘is_equal’
  134 |       if(is_equal(aux->right->pair->key,node->pair->key)){
      |          ^~~~~~~~
In file included from test.c:4:
treemap.c:22:5: note: declared here
   22 | int is_equal(TreeMap* tree, void* key1, void* key2){
      |     ^~~~~~~~
In file included from test.c:4:
treemap.c:138:10: error: too few arguments to function ‘is_equal’
  138 |       if(is_equal(aux->right->pair->key,node->pair->key)){
      |          ^~~~~~~~
In file included from test.c:4:
treemap.c:22:5: note: declared here
   22 | int is_equal(TreeMap* tree, void* key1, void* key2){
      |     ^~~~~~~~
In file included from test.c:4:
treemap.c:139:20: error: statement with no effect [-Werror=unused-value]
  139 |         aux->right == node->right;
      |         ~~~~~~~~~~~^~~~~~~~~~~~~~
treemap.c:144:10: error: too few arguments to function ‘is_equal’
  144 |       if(is_equal(aux->right->pair->key,node->pair->key)){
      |          ^~~~~~~~
In file included from test.c:4:
treemap.c:22:5: note: declared here
   22 | int is_equal(TreeMap* tree, void* key1, void* key2){
      |     ^~~~~~~~
In file included from test.c:4:
treemap.c:148:10: error: too few arguments to function ‘is_equal’
  148 |       if(is_equal(aux->right->pair->key,node->pair->key)){
      |          ^~~~~~~~
In file included from test.c:4:
treemap.c:22:5: note: declared here
   22 | int is_equal(TreeMap* tree, void* key1, void* key2){
      |     ^~~~~~~~
In file included from test.c:4:
treemap.c:149:20: error: statement with no effect [-Werror=unused-value]
  149 |         aux->right == node->left;
      |         ~~~~~~~~~~~^~~~~~~~~~~~~
test.c:503:5: error: ‘main’ is normally a non-static function [-Werror=main]
  503 | int main( int argc, char *argv[] ) {
      |     ^~~~
test.c:606:1: error: expected declaration or statement at end of input
  606 | }
      | ^
At top level:
test.c:503:5: error: ‘main’ defined but not used [-Werror=unused-function]
  503 | int main( int argc, char *argv[] ) {
      |     ^~~~
cc1: all warnings being treated as errors
Compilation failed
55db028
Fri 23 Sep 2022 06:22:26 PM UTC: 
 treemap.c | 10 +++++-----
 1 file changed, 5 insertions(+), 5 deletions(-)
In file included from test.c:4:
treemap.c: In function ‘removeNode’:
treemap.c:120:18: error: statement with no effect [-Werror=unused-value]
  120 |       aux->right == NULL;
      |                  ^
treemap.c:129:24: error: ‘TreeNode’ has no member named ‘key’
  129 |     node->pair->key = x->key;
      |                        ^~
treemap.c:130:26: error: ‘TreeNode’ has no member named ‘value’
  130 |     node->pair->value = x->value;
      |                          ^~
treemap.c:139:20: error: statement with no effect [-Werror=unused-value]
  139 |         aux->right == node->right;
      |         ~~~~~~~~~~~^~~~~~~~~~~~~~
treemap.c:149:20: error: statement with no effect [-Werror=unused-value]
  149 |         aux->right == node->left;
      |         ~~~~~~~~~~~^~~~~~~~~~~~~
test.c:503:5: error: ‘main’ is normally a non-static function [-Werror=main]
  503 | int main( int argc, char *argv[] ) {
      |     ^~~~
test.c:606:1: error: expected declaration or statement at end of input
  606 | }
      | ^
At top level:
test.c:503:5: error: ‘main’ defined but not used [-Werror=unused-function]
  503 | int main( int argc, char *argv[] ) {
      |     ^~~~
cc1: all warnings being treated as errors
Compilation failed
701cc21
Fri 23 Sep 2022 06:22:41 PM UTC: 
 treemap.c | 4 ++--
 1 file changed, 2 insertions(+), 2 deletions(-)
In file included from test.c:4:
treemap.c: In function ‘removeNode’:
treemap.c:120:18: error: statement with no effect [-Werror=unused-value]
  120 |       aux->right == NULL;
      |                  ^
treemap.c:129:24: error: ‘TreeNode’ has no member named ‘key’
  129 |     node->pair->key = x->key;
      |                        ^~
treemap.c:130:26: error: ‘TreeNode’ has no member named ‘value’
  130 |     node->pair->value = x->value;
      |                          ^~
test.c:503:5: error: ‘main’ is normally a non-static function [-Werror=main]
  503 | int main( int argc, char *argv[] ) {
      |     ^~~~
test.c:606:1: error: expected declaration or statement at end of input
  606 | }
      | ^
At top level:
test.c:503:5: error: ‘main’ defined but not used [-Werror=unused-function]
  503 | int main( int argc, char *argv[] ) {
      |     ^~~~
cc1: all warnings being treated as errors
Compilation failed
b60f62e
Fri 23 Sep 2022 06:23:22 PM UTC: 
 treemap.c | 6 +++---
 1 file changed, 3 insertions(+), 3 deletions(-)
test.c: In function ‘removeNode’:
test.c:503:5: error: ‘main’ is normally a non-static function [-Werror=main]
  503 | int main( int argc, char *argv[] ) {
      |     ^~~~
test.c:606:1: error: expected declaration or statement at end of input
  606 | }
      | ^
At top level:
test.c:503:5: error: ‘main’ defined but not used [-Werror=unused-function]
  503 | int main( int argc, char *argv[] ) {
      |     ^~~~
cc1: all warnings being treated as errors
Compilation failed
cc9ac3b
Fri 23 Sep 2022 06:26:53 PM UTC: 
 treemap.c | 4 ++--
 1 file changed, 2 insertions(+), 2 deletions(-)
In file included from test.c:4:
treemap.c: In function ‘removeNode’:
treemap.c:115:57: error: expected statement before ‘)’ token
  115 |     if(tree->lower_than(node->pair->key,aux->pair->key))){
      |                                                         ^
treemap.c:115:5: error: this ‘if’ clause does not guard... [-Werror=misleading-indentation]
  115 |     if(tree->lower_than(node->pair->key,aux->pair->key))){
      |     ^~
treemap.c:115:58: note: ...this statement, but the latter is misleadingly indented as if it were guarded by the ‘if’
  115 |     if(tree->lower_than(node->pair->key,aux->pair->key))){
      |                                                          ^
treemap.c:119:58: error: expected statement before ‘)’ token
  119 |     if(tree->lower_than(aux->pair->key, node->pair->key))){
      |                                                          ^
treemap.c:119:5: error: this ‘if’ clause does not guard... [-Werror=misleading-indentation]
  119 |     if(tree->lower_than(aux->pair->key, node->pair->key))){
      |     ^~
treemap.c:119:59: note: ...this statement, but the latter is misleadingly indented as if it were guarded by the ‘if’
  119 |     if(tree->lower_than(aux->pair->key, node->pair->key))){
      |                                                           ^
test.c:503:5: error: ‘main’ is normally a non-static function [-Werror=main]
  503 | int main( int argc, char *argv[] ) {
      |     ^~~~
test.c:606:1: error: expected declaration or statement at end of input
  606 | }
      | ^
At top level:
test.c:503:5: error: ‘main’ defined but not used [-Werror=unused-function]
  503 | int main( int argc, char *argv[] ) {
      |     ^~~~
cc1: all warnings being treated as errors
Compilation failed
11026cb
Fri 23 Sep 2022 06:27:11 PM UTC: 
 treemap.c | 4 ++--
 1 file changed, 2 insertions(+), 2 deletions(-)
test.c: In function ‘removeNode’:
test.c:503:5: error: ‘main’ is normally a non-static function [-Werror=main]
  503 | int main( int argc, char *argv[] ) {
      |     ^~~~
test.c:606:1: error: expected declaration or statement at end of input
  606 | }
      | ^
At top level:
test.c:503:5: error: ‘main’ defined but not used [-Werror=unused-function]
  503 | int main( int argc, char *argv[] ) {
      |     ^~~~
cc1: all warnings being treated as errors
Compilation failed
fa0af01
Fri 23 Sep 2022 06:32:13 PM UTC: 
 treemap.c | 5 +++--
 1 file changed, 3 insertions(+), 2 deletions(-)
test.c: In function ‘removeNode’:
test.c:503:5: error: ‘main’ is normally a non-static function [-Werror=main]
  503 | int main( int argc, char *argv[] ) {
      |     ^~~~
test.c:606:1: error: expected declaration or statement at end of input
  606 | }
      | ^
At top level:
test.c:503:5: error: ‘main’ defined but not used [-Werror=unused-function]
  503 | int main( int argc, char *argv[] ) {
      |     ^~~~
cc1: all warnings being treated as errors
Compilation failed
275e1d2
Fri 23 Sep 2022 06:32:31 PM UTC: 
 treemap.c | 6 +++---
 1 file changed, 3 insertions(+), 3 deletions(-)
test.c: In function ‘removeNode’:
test.c:503:5: error: ‘main’ is normally a non-static function [-Werror=main]
  503 | int main( int argc, char *argv[] ) {
      |     ^~~~
test.c:606:1: error: expected declaration or statement at end of input
  606 | }
      | ^
At top level:
test.c:503:5: error: ‘main’ defined but not used [-Werror=unused-function]
  503 | int main( int argc, char *argv[] ) {
      |     ^~~~
cc1: all warnings being treated as errors
Compilation failed
824fb9f
Sat 24 Sep 2022 02:43:39 AM UTC: 
 treemap.c | 1 -
 1 file changed, 1 deletion(-)
test.c: In function ‘removeNode’:
test.c:503:5: error: ‘main’ is normally a non-static function [-Werror=main]
  503 | int main( int argc, char *argv[] ) {
      |     ^~~~
test.c:606:1: error: expected declaration or statement at end of input
  606 | }
      | ^
At top level:
test.c:503:5: error: ‘main’ defined but not used [-Werror=unused-function]
  503 | int main( int argc, char *argv[] ) {
      |     ^~~~
cc1: all warnings being treated as errors
Compilation failed
3ad6a46
Sat 24 Sep 2022 02:47:29 AM UTC: 
 treemap.c | 41 -----------------------------------------
 1 file changed, 41 deletions(-)
 tests:  15|4
total_score: 25/70
0627db4
Sat 24 Sep 2022 02:48:30 AM UTC: 
 treemap.c | 2 +-
 1 file changed, 1 insertion(+), 1 deletion(-)
In file included from test.c:4:
treemap.c: In function ‘removeNode’:
treemap.c:111:17: error: assignment to ‘TreeNode *’ from ‘int’ makes pointer from integer without a cast [-Werror=int-conversion]
  111 |   if(node->left = NULL && node->right == NULL);
      |                 ^
treemap.c:111:6: error: suggest parentheses around assignment used as truth value [-Werror=parentheses]
  111 |   if(node->left = NULL && node->right == NULL);
      |      ^~~~
cc1: all warnings being treated as errors
Compilation failed
e426dfa
Sat 24 Sep 2022 02:58:22 AM UTC: 
 treemap.c | 10 +++++++++-
 1 file changed, 9 insertions(+), 1 deletion(-)
In file included from test.c:4:
treemap.c: In function ‘removeNode’:
treemap.c:111:18: error: invalid initializer
  111 |   TreeNode aux = node->parent;
      |                  ^~~~
treemap.c:113:44: error: invalid type argument of ‘->’ (have ‘TreeNode’)
  113 |     if(tree->lower_than(node->pair->key,aux->pair->key)){
      |                                            ^~
treemap.c:114:10: error: invalid type argument of ‘->’ (have ‘TreeNode’)
  114 |       aux->left == NULL;
      |          ^~
treemap.c:116:28: error: invalid type argument of ‘->’ (have ‘TreeNode’)
  116 |     if(tree->lower_than(aux->pair->key, node->pair->key)){
      |                            ^~
treemap.c:117:10: error: invalid type argument of ‘->’ (have ‘TreeNode’)
  117 |       aux->right == NULL;
      |          ^~
Compilation failed
c21256f
Sat 24 Sep 2022 02:59:08 AM UTC: 
 treemap.c | 2 ++
 1 file changed, 2 insertions(+)
In file included from test.c:4:
treemap.c: In function ‘removeNode’:
treemap.c:111:18: error: invalid initializer
  111 |   TreeNode aux = node->parent;
      |                  ^~~~
treemap.c:113:44: error: invalid type argument of ‘->’ (have ‘TreeNode’)
  113 |     if(tree->lower_than(node->pair->key,aux->pair->key)){
      |                                            ^~
treemap.c:114:10: error: invalid type argument of ‘->’ (have ‘TreeNode’)
  114 |       aux->left == NULL;
      |          ^~
treemap.c:117:28: error: invalid type argument of ‘->’ (have ‘TreeNode’)
  117 |     if(tree->lower_than(aux->pair->key, node->pair->key)){
      |                            ^~
treemap.c:118:10: error: invalid type argument of ‘->’ (have ‘TreeNode’)
  118 |       aux->right == NULL;
      |          ^~
Compilation failed
29bb4d3
Sat 24 Sep 2022 02:59:21 AM UTC: 
 treemap.c | 2 +-
 1 file changed, 1 insertion(+), 1 deletion(-)
In file included from test.c:4:
treemap.c: In function ‘removeNode’:
treemap.c:114:17: error: statement with no effect [-Werror=unused-value]
  114 |       aux->left == NULL;
      |                 ^
treemap.c:118:18: error: statement with no effect [-Werror=unused-value]
  118 |       aux->right == NULL;
      |                  ^
cc1: all warnings being treated as errors
Compilation failed
e02f40f
Sat 24 Sep 2022 02:59:31 AM UTC: 
 treemap.c | 4 ++--
 1 file changed, 2 insertions(+), 2 deletions(-)
 tests:  16|4
total_score: 30/70
97f345f
Sat 24 Sep 2022 03:24:17 PM UTC: 
 treemap.c | 2 ++
 1 file changed, 2 insertions(+)
 tests:  16|4
total_score: 30/70
28eed2f
Sat 24 Sep 2022 03:27:08 PM UTC: 
 treemap.c | 22 +++++++++++++++++++++-
 1 file changed, 21 insertions(+), 1 deletion(-)
 tests:  16|4
total_score: 30/70
9703111
Sat 24 Sep 2022 03:28:34 PM UTC: 
 treemap.c | 3 +++
 1 file changed, 3 insertions(+)
 tests:  16|4
total_score: 30/70
ea12a73
Sat 24 Sep 2022 03:29:56 PM UTC: 
 treemap.c | 7 ++++---
 1 file changed, 4 insertions(+), 3 deletions(-)
 tests:  17|4
total_score: 35/70
76a5e9b
Sat 24 Sep 2022 03:33:30 PM UTC: 
 treemap.c | 16 ++++++++++++++++
 1 file changed, 16 insertions(+)
 tests:  0|0
03c8607
Sat 24 Sep 2022 03:34:29 PM UTC: 
 treemap.c | 3 ++-
 1 file changed, 2 insertions(+), 1 deletion(-)
 tests:  0|0
7e359b3
Sat 24 Sep 2022 03:35:29 PM UTC: 
 treemap.c | 2 +-
 1 file changed, 1 insertion(+), 1 deletion(-)
 tests:  0|0
9968975
Sat 24 Sep 2022 03:38:29 PM UTC: 
 treemap.c | 15 ++++-----------
 1 file changed, 4 insertions(+), 11 deletions(-)
 tests:  18|3
total_score: 40/70
70fce04
Sat 24 Sep 2022 03:42:12 PM UTC: 
 treemap.c | 4 ++++
 1 file changed, 4 insertions(+)
 tests:  18|3
total_score: 40/70
519f9f1
Sat 24 Sep 2022 03:44:31 PM UTC: 
 treemap.c | 8 ++++++--
 1 file changed, 6 insertions(+), 2 deletions(-)
In file included from test.c:4:
treemap.c: In function ‘firstTreeMap’:
treemap.c:225:1: error: control reaches end of non-void function [-Werror=return-type]
  225 | }
      | ^
cc1: all warnings being treated as errors
Compilation failed
261ae9d
Sat 24 Sep 2022 03:44:42 PM UTC: 
 treemap.c | 2 +-
 1 file changed, 1 insertion(+), 1 deletion(-)
In file included from test.c:4:
treemap.c: In function ‘firstTreeMap’:
treemap.c:225:1: error: control reaches end of non-void function [-Werror=return-type]
  225 | }
      | ^
cc1: all warnings being treated as errors
Compilation failed
7765f49
Sat 24 Sep 2022 03:44:46 PM UTC: 
 treemap.c | 2 +-
 1 file changed, 1 insertion(+), 1 deletion(-)
In file included from test.c:4:
treemap.c: In function ‘firstTreeMap’:
treemap.c:225:1: error: control reaches end of non-void function [-Werror=return-type]
  225 | }
      | ^
cc1: all warnings being treated as errors
Compilation failed
efdcf84
Sat 24 Sep 2022 03:45:30 PM UTC: 
 treemap.c | 2 ++
 1 file changed, 2 insertions(+)
 tests:  20|2
total_score: 45/70
b05a1f2
Sat 24 Sep 2022 03:45:50 PM UTC: 
 treemap.c | 1 +
 1 file changed, 1 insertion(+)
 tests:  20|2
total_score: 45/70
0421c5a
Sat 24 Sep 2022 03:48:53 PM UTC: 
 treemap.c | 11 +++++++++++
 1 file changed, 11 insertions(+)
In file included from test.c:4:
treemap.c: In function ‘nextTreeMap’:
treemap.c:243:1: error: control reaches end of non-void function [-Werror=return-type]
  243 | }
      | ^
cc1: all warnings being treated as errors
Compilation failed
0584eaf
Sat 24 Sep 2022 03:49:04 PM UTC: 
 treemap.c | 2 +-
 1 file changed, 1 insertion(+), 1 deletion(-)
 tests:  22|2
total_score: 50/70
ea73bab
Sat 24 Sep 2022 04:24:48 PM UTC: 
 treemap.c | 11 +++++++++++
 1 file changed, 11 insertions(+)
 tests:  23|2
total_score: 50/70
b32c5b4
